<?xml version="1.0" encoding="UTF-8"?>
<!-- Generated by org.testng.reporters.JUnitXMLReporter -->
<testsuite hostname="IT16Z99R" name="Default test" tests="3" failures="0" timestamp="23 May 2020 11:56:22 GMT" time="24.464" errors="0">
  <testcase name="searcht" time="3.393" classname="pages.TerkwazTask.Tasktest_one"/>
  <testcase name="UploadImg" time="8.57" classname="pages.TerkwazTask.Tasktest_one"/>
  <testcase name="dynamic" time="6.504" classname="pages.TerkwazTask.Tasktest_one"/>
</testsuite> <!-- Default test -->
