<?xml version="1.0" encoding="UTF-8"?>
<testng-results skipped="0" failed="0" total="3" passed="3">
  <reporter-output>
  </reporter-output>
  <suite name="Default suite" duration-ms="24464" started-at="2020-05-23T11:55:57Z" finished-at="2020-05-23T11:56:22Z">
    <groups>
    </groups>
    <test name="Default test" duration-ms="24464" started-at="2020-05-23T11:55:57Z" finished-at="2020-05-23T11:56:22Z">
      <class name="pages.TerkwazTask.Tasktest_one">
        <test-method status="PASS" signature="setup()[pri:0, instance:pages.TerkwazTask.Tasktest_one@2a18f23c]" name="setup" is-config="true" duration-ms="5979" started-at="2020-05-23T13:55:57Z" finished-at="2020-05-23T13:56:03Z">
          <reporter-output>
          </reporter-output>
        </test-method> <!-- setup -->
        <test-method status="PASS" signature="searcht()[pri:0, instance:pages.TerkwazTask.Tasktest_one@2a18f23c]" name="searcht" duration-ms="3393" started-at="2020-05-23T13:56:03Z" finished-at="2020-05-23T13:56:07Z">
          <reporter-output>
          </reporter-output>
        </test-method> <!-- searcht -->
        <test-method status="PASS" signature="UploadImg()[pri:1, instance:pages.TerkwazTask.Tasktest_one@2a18f23c]" name="UploadImg" duration-ms="8570" started-at="2020-05-23T13:56:07Z" finished-at="2020-05-23T13:56:15Z">
          <reporter-output>
          </reporter-output>
        </test-method> <!-- UploadImg -->
        <test-method status="PASS" signature="dynamic()[pri:2, instance:pages.TerkwazTask.Tasktest_one@2a18f23c]" name="dynamic" duration-ms="6504" started-at="2020-05-23T13:56:15Z" finished-at="2020-05-23T13:56:22Z">
          <reporter-output>
          </reporter-output>
        </test-method> <!-- dynamic -->
      </class> <!-- pages.TerkwazTask.Tasktest_one -->
    </test> <!-- Default test -->
  </suite> <!-- Default suite -->
</testng-results>
