<?xml version="1.0" encoding="UTF-8"?>
<testng-results skipped="0" failed="0" total="1" passed="1">
  <reporter-output>
  </reporter-output>
  <suite name="Default suite" duration-ms="8797" started-at="2020-05-23T11:57:43Z" finished-at="2020-05-23T11:57:52Z">
    <groups>
    </groups>
    <test name="Default test" duration-ms="8797" started-at="2020-05-23T11:57:43Z" finished-at="2020-05-23T11:57:52Z">
      <class name="Api.Apitask.Testresponse">
        <test-method status="PASS" signature="f()[pri:0, instance:Api.Apitask.Testresponse@4c203ea1]" name="f" duration-ms="8774" started-at="2020-05-23T13:57:43Z" finished-at="2020-05-23T13:57:52Z">
          <reporter-output>
          </reporter-output>
        </test-method> <!-- f -->
      </class> <!-- Api.Apitask.Testresponse -->
    </test> <!-- Default test -->
  </suite> <!-- Default suite -->
</testng-results>
